[[1;34mINFO[m] Scanning for projects...
[[1;34mINFO[m] 
[[1;34mINFO[m] [1m-----------------< [0;36mcom.notified:notification-service[0;1m >------------------[m
[[1;34mINFO[m] [1mBuilding Notification Service 1.0.0[m
[[1;34mINFO[m] [1m--------------------------------[ jar ]---------------------------------[m
[[1;34mINFO[m] 
[[1;34mINFO[m] [1m>>> [0;32mspring-boot-maven-plugin:3.2.0:run[m [1m(default-cli)[0;1m > [0;1mtest-compile[m @ [36mnotification-service[0;1m >>>[m
[[1;34mINFO[m] 
[[1;34mINFO[m] [1m--- [0;32mmaven-resources-plugin:3.3.1:resources[m [1m(default-resources)[m @ [36mnotification-service[0;1m ---[m
[[1;34mINFO[m] Copying 1 resource from src/main/resources to target/classes
[[1;34mINFO[m] Copying 0 resource from src/main/resources to target/classes
[[1;34mINFO[m] 
[[1;34mINFO[m] [1m--- [0;32mmaven-compiler-plugin:3.11.0:compile[m [1m(default-compile)[m @ [36mnotification-service[0;1m ---[m
[[1;34mINFO[m] Nothing to compile - all classes are up to date
[[1;34mINFO[m] 
[[1;34mINFO[m] [1m--- [0;32mmaven-resources-plugin:3.3.1:testResources[m [1m(default-testResources)[m @ [36mnotification-service[0;1m ---[m
[[1;34mINFO[m] skip non existing resourceDirectory /home/amogh/Documents/7thsem/MS/Notified/notification-service/src/test/resources
[[1;34mINFO[m] 
[[1;34mINFO[m] [1m--- [0;32mmaven-compiler-plugin:3.11.0:testCompile[m [1m(default-testCompile)[m @ [36mnotification-service[0;1m ---[m
[[1;34mINFO[m] No sources to compile
[[1;34mINFO[m] 
[[1;34mINFO[m] [1m<<< [0;32mspring-boot-maven-plugin:3.2.0:run[m [1m(default-cli)[0;1m < [0;1mtest-compile[m @ [36mnotification-service[0;1m <<<[m
[[1;34mINFO[m] 
[[1;34mINFO[m] 
[[1;34mINFO[m] [1m--- [0;32mspring-boot-maven-plugin:3.2.0:run[m [1m(default-cli)[m @ [36mnotification-service[0;1m ---[m
[[1;34mINFO[m] Attaching agents: []
Standard Commons Logging discovery in action with spring-jcl: please remove commons-logging.jar from classpath in order to avoid potential conflicts

  .   ____          _            __ _ _
 /\\ / ___'_ __ _ _(_)_ __  __ _ \ \ \ \
( ( )\___ | '_ | '_| | '_ \/ _` | \ \ \ \
 \\/  ___)| |_)| | | | | || (_| |  ) ) ) )
  '  |____| .__|_| |_|_| |_\__, | / / / /
 =========|_|==============|___/=/_/_/_/
 :: Spring Boot ::                (v3.2.0)

2025-12-12T19:34:12.038+05:30  INFO 34979 --- [notification-service] [           main] c.n.n.NotificationServiceApplication     : Starting NotificationServiceApplication using Java 21.0.9 with PID 34979 (/home/amogh/Documents/7thsem/MS/Notified/notification-service/target/classes started by amogh in /home/amogh/Documents/7thsem/MS/Notified/notification-service)
2025-12-12T19:34:12.044+05:30  INFO 34979 --- [notification-service] [           main] c.n.n.NotificationServiceApplication     : No active profile set, falling back to 1 default profile: "default"
2025-12-12T19:34:13.118+05:30  INFO 34979 --- [notification-service] [           main] .s.d.r.c.RepositoryConfigurationDelegate : Bootstrapping Spring Data MongoDB repositories in DEFAULT mode.
2025-12-12T19:34:13.294+05:30  INFO 34979 --- [notification-service] [           main] .s.d.r.c.RepositoryConfigurationDelegate : Finished Spring Data repository scanning in 168 ms. Found 1 MongoDB repository interface.
2025-12-12T19:34:13.621+05:30  INFO 34979 --- [notification-service] [           main] o.s.cloud.context.scope.GenericScope     : BeanFactory id=71f98351-e663-379d-9e23-7a14f473c980
2025-12-12T19:34:13.802+05:30  WARN 34979 --- [notification-service] [           main] trationDelegate$BeanPostProcessorChecker : Bean 'org.springframework.cloud.client.loadbalancer.LoadBalancerAutoConfiguration$LoadBalancerInterceptorConfig' of type [org.springframework.cloud.client.loadbalancer.LoadBalancerAutoConfiguration$LoadBalancerInterceptorConfig] is not eligible for getting processed by all BeanPostProcessors (for example: not eligible for auto-proxying). The currently created BeanPostProcessor [lbRestClientPostProcessor] is declared through a non-static factory method on that class; consider declaring it as static instead.
2025-12-12T19:34:13.806+05:30  WARN 34979 --- [notification-service] [           main] trationDelegate$BeanPostProcessorChecker : Bean 'org.springframework.cloud.loadbalancer.config.BlockingLoadBalancerClientAutoConfiguration' of type [org.springframework.cloud.loadbalancer.config.BlockingLoadBalancerClientAutoConfiguration] is not eligible for getting processed by all BeanPostProcessors (for example: not eligible for auto-proxying). Is this bean getting eagerly injected into a currently created BeanPostProcessor [lbRestClientPostProcessor]? Check the corresponding BeanPostProcessor declaration and its dependencies.
2025-12-12T19:34:13.808+05:30  WARN 34979 --- [notification-service] [           main] trationDelegate$BeanPostProcessorChecker : Bean 'org.springframework.cloud.loadbalancer.config.LoadBalancerAutoConfiguration' of type [org.springframework.cloud.loadbalancer.config.LoadBalancerAutoConfiguration] is not eligible for getting processed by all BeanPostProcessors (for example: not eligible for auto-proxying). Is this bean getting eagerly injected into a currently created BeanPostProcessor [lbRestClientPostProcessor]? Check the corresponding BeanPostProcessor declaration and its dependencies.
2025-12-12T19:34:13.817+05:30  WARN 34979 --- [notification-service] [           main] trationDelegate$BeanPostProcessorChecker : Bean 'org.springframework.cloud.commons.config.CommonsConfigAutoConfiguration' of type [org.springframework.cloud.commons.config.CommonsConfigAutoConfiguration] is not eligible for getting processed by all BeanPostProcessors (for example: not eligible for auto-proxying). Is this bean getting eagerly injected into a currently created BeanPostProcessor [lbRestClientPostProcessor]? Check the corresponding BeanPostProcessor declaration and its dependencies.
2025-12-12T19:34:13.819+05:30  WARN 34979 --- [notification-service] [           main] trationDelegate$BeanPostProcessorChecker : Bean 'org.springframework.cloud.client.loadbalancer.LoadBalancerDefaultMappingsProviderAutoConfiguration' of type [org.springframework.cloud.client.loadbalancer.LoadBalancerDefaultMappingsProviderAutoConfiguration] is not eligible for getting processed by all BeanPostProcessors (for example: not eligible for auto-proxying). Is this bean getting eagerly injected into a currently created BeanPostProcessor [lbRestClientPostProcessor]? Check the corresponding BeanPostProcessor declaration and its dependencies.
2025-12-12T19:34:13.820+05:30  WARN 34979 --- [notification-service] [           main] trationDelegate$BeanPostProcessorChecker : Bean 'loadBalancerClientsDefaultsMappingsProvider' of type [org.springframework.cloud.client.loadbalancer.LoadBalancerDefaultMappingsProviderAutoConfiguration$$Lambda/0x000073bda44117e0] is not eligible for getting processed by all BeanPostProcessors (for example: not eligible for auto-proxying). Is this bean getting eagerly injected into a currently created BeanPostProcessor [lbRestClientPostProcessor]? Check the corresponding BeanPostProcessor declaration and its dependencies.
2025-12-12T19:34:13.821+05:30  WARN 34979 --- [notification-service] [           main] trationDelegate$BeanPostProcessorChecker : Bean 'defaultsBindHandlerAdvisor' of type [org.springframework.cloud.commons.config.DefaultsBindHandlerAdvisor] is not eligible for getting processed by all BeanPostProcessors (for example: not eligible for auto-proxying). Is this bean getting eagerly injected into a currently created BeanPostProcessor [lbRestClientPostProcessor]? Check the corresponding BeanPostProcessor declaration and its dependencies.
2025-12-12T19:34:13.830+05:30  WARN 34979 --- [notification-service] [           main] trationDelegate$BeanPostProcessorChecker : Bean 'spring.cloud.loadbalancer-org.springframework.cloud.client.loadbalancer.LoadBalancerClientsProperties' of type [org.springframework.cloud.client.loadbalancer.LoadBalancerClientsProperties] is not eligible for getting processed by all BeanPostProcessors (for example: not eligible for auto-proxying). Is this bean getting eagerly injected into a currently created BeanPostProcessor [lbRestClientPostProcessor]? Check the corresponding BeanPostProcessor declaration and its dependencies.
2025-12-12T19:34:13.838+05:30  WARN 34979 --- [notification-service] [           main] trationDelegate$BeanPostProcessorChecker : Bean 'default.org.springframework.cloud.loadbalancer.config.LoadBalancerAutoConfiguration.LoadBalancerClientSpecification' of type [org.springframework.cloud.loadbalancer.annotation.LoadBalancerClientSpecification] is not eligible for getting processed by all BeanPostProcessors (for example: not eligible for auto-proxying). Is this bean getting eagerly injected into a currently created BeanPostProcessor [lbRestClientPostProcessor]? Check the corresponding BeanPostProcessor declaration and its dependencies.
2025-12-12T19:34:13.840+05:30  WARN 34979 --- [notification-service] [           main] trationDelegate$BeanPostProcessorChecker : Bean 'default.org.springframework.cloud.loadbalancer.config.BlockingLoadBalancerClientAutoConfiguration.LoadBalancerClientSpecification' of type [org.springframework.cloud.loadbalancer.annotation.LoadBalancerClientSpecification] is not eligible for getting processed by all BeanPostProcessors (for example: not eligible for auto-proxying). Is this bean getting eagerly injected into a currently created BeanPostProcessor [lbRestClientPostProcessor]? Check the corresponding BeanPostProcessor declaration and its dependencies.
2025-12-12T19:34:13.841+05:30  WARN 34979 --- [notification-service] [           main] trationDelegate$BeanPostProcessorChecker : Bean 'default.org.springframework.cloud.netflix.eureka.loadbalancer.LoadBalancerEurekaAutoConfiguration.LoadBalancerClientSpecification' of type [org.springframework.cloud.loadbalancer.annotation.LoadBalancerClientSpecification] is not eligible for getting processed by all BeanPostProcessors (for example: not eligible for auto-proxying). Is this bean getting eagerly injected into a currently created BeanPostProcessor [lbRestClientPostProcessor]? Check the corresponding BeanPostProcessor declaration and its dependencies.
2025-12-12T19:34:13.843+05:30  WARN 34979 --- [notification-service] [           main] trationDelegate$BeanPostProcessorChecker : Bean 'loadBalancerClientFactory' of type [org.springframework.cloud.loadbalancer.support.LoadBalancerClientFactory] is not eligible for getting processed by all BeanPostProcessors (for example: not eligible for auto-proxying). Is this bean getting eagerly injected into a currently created BeanPostProcessor [lbRestClientPostProcessor]? Check the corresponding BeanPostProcessor declaration and its dependencies.
2025-12-12T19:34:13.847+05:30  WARN 34979 --- [notification-service] [           main] trationDelegate$BeanPostProcessorChecker : Bean 'blockingLoadBalancerClient' of type [org.springframework.cloud.loadbalancer.blocking.client.BlockingLoadBalancerClient] is not eligible for getting processed by all BeanPostProcessors (for example: not eligible for auto-proxying). Is this bean getting eagerly injected into a currently created BeanPostProcessor [lbRestClientPostProcessor]? Check the corresponding BeanPostProcessor declaration and its dependencies.
2025-12-12T19:34:13.856+05:30  WARN 34979 --- [notification-service] [           main] trationDelegate$BeanPostProcessorChecker : Bean 'loadBalancerServiceInstanceCookieTransformer' of type [org.springframework.cloud.loadbalancer.core.LoadBalancerServiceInstanceCookieTransformer] is not eligible for getting processed by all BeanPostProcessors (for example: not eligible for auto-proxying). Is this bean getting eagerly injected into a currently created BeanPostProcessor [lbRestClientPostProcessor]? Check the corresponding BeanPostProcessor declaration and its dependencies.
2025-12-12T19:34:13.858+05:30  WARN 34979 --- [notification-service] [           main] trationDelegate$BeanPostProcessorChecker : Bean 'xForwarderHeadersTransformer' of type [org.springframework.cloud.loadbalancer.blocking.XForwardedHeadersTransformer] is not eligible for getting processed by all BeanPostProcessors (for example: not eligible for auto-proxying). Is this bean getting eagerly injected into a currently created BeanPostProcessor [lbRestClientPostProcessor]? Check the corresponding BeanPostProcessor declaration and its dependencies.
2025-12-12T19:34:13.859+05:30  WARN 34979 --- [notification-service] [           main] trationDelegate$BeanPostProcessorChecker : Bean 'org.springframework.cloud.client.loadbalancer.LoadBalancerAutoConfiguration' of type [org.springframework.cloud.client.loadbalancer.LoadBalancerAutoConfiguration] is not eligible for getting processed by all BeanPostProcessors (for example: not eligible for auto-proxying). Is this bean getting eagerly injected into a currently created BeanPostProcessor [lbRestClientPostProcessor]? Check the corresponding BeanPostProcessor declaration and its dependencies.
2025-12-12T19:34:13.861+05:30  WARN 34979 --- [notification-service] [           main] trationDelegate$BeanPostProcessorChecker : Bean 'loadBalancerRequestFactory' of type [org.springframework.cloud.client.loadbalancer.LoadBalancerRequestFactory] is not eligible for getting processed by all BeanPostProcessors (for example: not eligible for auto-proxying). Is this bean getting eagerly injected into a currently created BeanPostProcessor [lbRestClientPostProcessor]? Check the corresponding BeanPostProcessor declaration and its dependencies.
2025-12-12T19:34:13.862+05:30  WARN 34979 --- [notification-service] [           main] trationDelegate$BeanPostProcessorChecker : Bean 'loadBalancerInterceptor' of type [org.springframework.cloud.client.loadbalancer.LoadBalancerInterceptor] is not eligible for getting processed by all BeanPostProcessors (for example: not eligible for auto-proxying). Is this bean getting eagerly injected into a currently created BeanPostProcessor [lbRestClientPostProcessor]? Check the corresponding BeanPostProcessor declaration and its dependencies.
2025-12-12T19:34:14.134+05:30  INFO 34979 --- [notification-service] [           main] o.s.b.w.embedded.tomcat.TomcatWebServer  : Tomcat initialized with port 8082 (http)
2025-12-12T19:34:14.149+05:30  INFO 34979 --- [notification-service] [           main] o.apache.catalina.core.StandardService   : Starting service [Tomcat]
2025-12-12T19:34:14.150+05:30  INFO 34979 --- [notification-service] [           main] o.apache.catalina.core.StandardEngine    : Starting Servlet engine: [Apache Tomcat/10.1.16]
2025-12-12T19:34:14.227+05:30  INFO 34979 --- [notification-service] [           main] o.a.c.c.C.[Tomcat].[localhost].[/]       : Initializing Spring embedded WebApplicationContext
2025-12-12T19:34:14.228+05:30  INFO 34979 --- [notification-service] [           main] w.s.c.ServletWebServerApplicationContext : Root WebApplicationContext: initialization completed in 2113 ms
Standard Commons Logging discovery in action with spring-jcl: please remove commons-logging.jar from classpath in order to avoid potential conflicts
2025-12-12T19:34:14.488+05:30  INFO 34979 --- [notification-service] [buc.mongodb.net] org.mongodb.driver.cluster               : Adding discovered server ac-smfxdqq-shard-00-02.znqibuc.mongodb.net:27017 to client view of cluster
2025-12-12T19:34:14.511+05:30  INFO 34979 --- [notification-service] [           main] org.mongodb.driver.client                : MongoClient with metadata {"application": {"name": "OGNOTIFIED"}, "driver": {"name": "mongo-java-driver|sync|spring-boot", "version": "4.11.1"}, "os": {"type": "Linux", "name": "Linux", "architecture": "amd64", "version": "6.14.0-1017-oem"}, "platform": "Java/Ubuntu/21.0.9+10-Ubuntu-124.04"} created with settings MongoClientSettings{readPreference=primary, writeConcern=WriteConcern{w=majority, wTimeout=null ms, journal=null}, retryWrites=true, retryReads=true, readConcern=ReadConcern{level=null}, credential=MongoCredential{mechanism=null, userName='ognotified_db_user', source='admin', password=<hidden>, mechanismProperties=<hidden>}, transportSettings=null, streamFactoryFactory=null, commandListeners=[], codecRegistry=ProvidersCodecRegistry{codecProviders=[ValueCodecProvider{}, BsonValueCodecProvider{}, DBRefCodecProvider{}, DBObjectCodecProvider{}, DocumentCodecProvider{}, CollectionCodecProvider{}, IterableCodecProvider{}, MapCodecProvider{}, GeoJsonCodecProvider{}, GridFSFileCodecProvider{}, Jsr310CodecProvider{}, JsonObjectCodecProvider{}, BsonCodecProvider{}, EnumCodecProvider{}, com.mongodb.client.model.mql.ExpressionCodecProvider@3815146b, com.mongodb.Jep395RecordCodecProvider@6de43bc1, com.mongodb.KotlinCodecProvider@27a9f025]}, loggerSettings=LoggerSettings{maxDocumentLength=1000}, clusterSettings={hosts=[127.0.0.1:27017], srvHost=ognotified.znqibuc.mongodb.net, srvServiceName=mongodb, mode=MULTIPLE, requiredClusterType=REPLICA_SET, requiredReplicaSetName='atlas-12xy35-shard-0', serverSelector='null', clusterListeners='[]', serverSelectionTimeout='30000 ms', localThreshold='15 ms'}, socketSettings=SocketSettings{connectTimeoutMS=30000, readTimeoutMS=60000, receiveBufferSize=0, proxySettings=ProxySettings{host=null, port=null, username=null, password=null}}, heartbeatSocketSettings=SocketSettings{connectTimeoutMS=30000, readTimeoutMS=30000, receiveBufferSize=0, proxySettings=ProxySettings{host=null, port=null, username=null, password=null}}, connectionPoolSettings=ConnectionPoolSettings{maxSize=10, minSize=2, maxWaitTimeMS=120000, maxConnectionLifeTimeMS=0, maxConnectionIdleTimeMS=60000, maintenanceInitialDelayMS=0, maintenanceFrequencyMS=60000, connectionPoolListeners=[], maxConnecting=2}, serverSettings=ServerSettings{heartbeatFrequencyMS=10000, minHeartbeatFrequencyMS=500, serverListeners='[]', serverMonitorListeners='[]'}, sslSettings=SslSettings{enabled=true, invalidHostNameAllowed=false, context=null}, applicationName='OGNOTIFIED', compressorList=[], uuidRepresentation=JAVA_LEGACY, serverApi=null, autoEncryptionSettings=null, dnsClient=null, inetAddressResolver=null, contextProvider=null}
2025-12-12T19:34:14.530+05:30  INFO 34979 --- [notification-service] [buc.mongodb.net] org.mongodb.driver.cluster               : Adding discovered server ac-smfxdqq-shard-00-00.znqibuc.mongodb.net:27017 to client view of cluster
2025-12-12T19:34:14.535+05:30  INFO 34979 --- [notification-service] [buc.mongodb.net] org.mongodb.driver.cluster               : Adding discovered server ac-smfxdqq-shard-00-01.znqibuc.mongodb.net:27017 to client view of cluster
2025-12-12T19:34:15.115+05:30  INFO 34979 --- [notification-service] [ngodb.net:27017] org.mongodb.driver.cluster               : Monitor thread successfully connected to server with description ServerDescription{address=ac-smfxdqq-shard-00-01.znqibuc.mongodb.net:27017, type=REPLICA_SET_SECONDARY, state=CONNECTED, ok=true, minWireVersion=0, maxWireVersion=25, maxDocumentSize=16777216, logicalSessionTimeoutMinutes=30, roundTripTimeNanos=337322880, setName='atlas-12xy35-shard-0', canonicalAddress=ac-smfxdqq-shard-00-01.znqibuc.mongodb.net:27017, hosts=[ac-smfxdqq-shard-00-01.znqibuc.mongodb.net:27017, ac-smfxdqq-shard-00-02.znqibuc.mongodb.net:27017, ac-smfxdqq-shard-00-00.znqibuc.mongodb.net:27017], passives=[], arbiters=[], primary='ac-smfxdqq-shard-00-02.znqibuc.mongodb.net:27017', tagSet=TagSet{[Tag{name='availabilityZone', value='aps1-az3'}, Tag{name='diskState', value='READY'}, Tag{name='nodeType', value='ELECTABLE'}, Tag{name='provider', value='AWS'}, Tag{name='region', value='AP_SOUTH_1'}, Tag{name='workloadType', value='OPERATIONAL'}]}, electionId=null, setVersion=313, topologyVersion=TopologyVersion{processId=691cb38c6b340a9b6e2b97bc, counter=3}, lastWriteDate=Fri Dec 12 19:34:15 IST 2025, lastUpdateTimeNanos=1913618523020}
2025-12-12T19:34:15.115+05:30  INFO 34979 --- [notification-service] [ngodb.net:27017] org.mongodb.driver.cluster               : Monitor thread successfully connected to server with description ServerDescription{address=ac-smfxdqq-shard-00-02.znqibuc.mongodb.net:27017, type=REPLICA_SET_PRIMARY, state=CONNECTED, ok=true, minWireVersion=0, maxWireVersion=25, maxDocumentSize=16777216, logicalSessionTimeoutMinutes=30, roundTripTimeNanos=337358307, setName='atlas-12xy35-shard-0', canonicalAddress=ac-smfxdqq-shard-00-02.znqibuc.mongodb.net:27017, hosts=[ac-smfxdqq-shard-00-01.znqibuc.mongodb.net:27017, ac-smfxdqq-shard-00-02.znqibuc.mongodb.net:27017, ac-smfxdqq-shard-00-00.znqibuc.mongodb.net:27017], passives=[], arbiters=[], primary='ac-smfxdqq-shard-00-02.znqibuc.mongodb.net:27017', tagSet=TagSet{[Tag{name='availabilityZone', value='aps1-az2'}, Tag{name='diskState', value='READY'}, Tag{name='nodeType', value='ELECTABLE'}, Tag{name='provider', value='AWS'}, Tag{name='region', value='AP_SOUTH_1'}, Tag{name='workloadType', value='OPERATIONAL'}]}, electionId=7fffffff000000000000012b, setVersion=313, topologyVersion=TopologyVersion{processId=691cb0cf571ee0bc81d119de, counter=6}, lastWriteDate=Fri Dec 12 19:34:15 IST 2025, lastUpdateTimeNanos=1913618511826}
2025-12-12T19:34:15.115+05:30  INFO 34979 --- [notification-service] [ngodb.net:27017] org.mongodb.driver.cluster               : Monitor thread successfully connected to server with description ServerDescription{address=ac-smfxdqq-shard-00-00.znqibuc.mongodb.net:27017, type=REPLICA_SET_SECONDARY, state=CONNECTED, ok=true, minWireVersion=0, maxWireVersion=25, maxDocumentSize=16777216, logicalSessionTimeoutMinutes=30, roundTripTimeNanos=337306576, setName='atlas-12xy35-shard-0', canonicalAddress=ac-smfxdqq-shard-00-00.znqibuc.mongodb.net:27017, hosts=[ac-smfxdqq-shard-00-01.znqibuc.mongodb.net:27017, ac-smfxdqq-shard-00-02.znqibuc.mongodb.net:27017, ac-smfxdqq-shard-00-00.znqibuc.mongodb.net:27017], passives=[], arbiters=[], primary='ac-smfxdqq-shard-00-02.znqibuc.mongodb.net:27017', tagSet=TagSet{[Tag{name='availabilityZone', value='aps1-az1'}, Tag{name='diskState', value='READY'}, Tag{name='nodeType', value='ELECTABLE'}, Tag{name='provider', value='AWS'}, Tag{name='region', value='AP_SOUTH_1'}, Tag{name='workloadType', value='OPERATIONAL'}]}, electionId=null, setVersion=313, topologyVersion=TopologyVersion{processId=691cad7dc85a56c2dcb887f3, counter=4}, lastWriteDate=Fri Dec 12 19:34:15 IST 2025, lastUpdateTimeNanos=1913618506324}
2025-12-12T19:34:15.118+05:30  INFO 34979 --- [notification-service] [ngodb.net:27017] org.mongodb.driver.cluster               : Discovered replica set primary ac-smfxdqq-shard-00-02.znqibuc.mongodb.net:27017 with max election id 7fffffff000000000000012b and max set version 313
2025-12-12T19:34:15.257+05:30  INFO 34979 --- [notification-service] [           main] o.s.c.openfeign.FeignClientFactoryBean   : For 'scraper-service' URL not provided. Will try picking an instance via load-balancing.
2025-12-12T19:34:15.346+05:30  INFO 34979 --- [notification-service] [           main] o.s.c.openfeign.FeignClientFactoryBean   : For 'user-preference-service' URL not provided. Will try picking an instance via load-balancing.
2025-12-12T19:34:16.250+05:30  INFO 34979 --- [notification-service] [           main] DiscoveryClientOptionalArgsConfiguration : Eureka HTTP Client uses RestTemplate.
2025-12-12T19:34:16.325+05:30  WARN 34979 --- [notification-service] [           main] iguration$LoadBalancerCaffeineWarnLogger : Spring Cloud LoadBalancer is currently working with the default cache. While this cache implementation is useful for development and tests, it's recommended to use Caffeine cache in production.You can switch to using Caffeine cache, by adding it and org.springframework.cache.caffeine.CaffeineCacheManager to the classpath.
2025-12-12T19:34:16.383+05:30  INFO 34979 --- [notification-service] [           main] o.s.c.n.eureka.InstanceInfoFactory       : Setting initial instance status as: STARTING
2025-12-12T19:34:16.547+05:30  INFO 34979 --- [notification-service] [           main] com.netflix.discovery.DiscoveryClient    : Initializing Eureka in region us-east-1
2025-12-12T19:34:16.555+05:30  INFO 34979 --- [notification-service] [           main] c.n.d.s.r.aws.ConfigClusterResolver      : Resolving eureka endpoints via configuration
2025-12-12T19:34:16.583+05:30  INFO 34979 --- [notification-service] [           main] com.netflix.discovery.DiscoveryClient    : Disable delta property : false
2025-12-12T19:34:16.584+05:30  INFO 34979 --- [notification-service] [           main] com.netflix.discovery.DiscoveryClient    : Single vip registry refresh property : null
2025-12-12T19:34:16.584+05:30  INFO 34979 --- [notification-service] [           main] com.netflix.discovery.DiscoveryClient    : Force full registry fetch : false
2025-12-12T19:34:16.584+05:30  INFO 34979 --- [notification-service] [           main] com.netflix.discovery.DiscoveryClient    : Application is null : false
2025-12-12T19:34:16.584+05:30  INFO 34979 --- [notification-service] [           main] com.netflix.discovery.DiscoveryClient    : Registered Applications size is zero : true
2025-12-12T19:34:16.584+05:30  INFO 34979 --- [notification-service] [           main] com.netflix.discovery.DiscoveryClient    : Application version is -1: true
2025-12-12T19:34:16.584+05:30  INFO 34979 --- [notification-service] [           main] com.netflix.discovery.DiscoveryClient    : Getting all instance registry info from the eureka server
2025-12-12T19:34:17.135+05:30  INFO 34979 --- [notification-service] [           main] com.netflix.discovery.DiscoveryClient    : The response status is 200
2025-12-12T19:34:17.141+05:30  INFO 34979 --- [notification-service] [           main] com.netflix.discovery.DiscoveryClient    : Starting heartbeat executor: renew interval is: 30
2025-12-12T19:34:17.147+05:30  INFO 34979 --- [notification-service] [           main] c.n.discovery.InstanceInfoReplicator     : InstanceInfoReplicator onDemand update allowed rate per min is 4
2025-12-12T19:34:17.156+05:30  INFO 34979 --- [notification-service] [           main] com.netflix.discovery.DiscoveryClient    : Discovery Client initialized at timestamp 1765548257154 with initial instances count: 3
2025-12-12T19:34:17.160+05:30  INFO 34979 --- [notification-service] [           main] o.s.c.n.e.s.EurekaServiceRegistry        : Registering application NOTIFICATION-SERVICE with eureka with status UP
2025-12-12T19:34:17.161+05:30  INFO 34979 --- [notification-service] [           main] com.netflix.discovery.DiscoveryClient    : Saw local status change event StatusChangeEvent [timestamp=1765548257161, current=UP, previous=STARTING]
2025-12-12T19:34:17.163+05:30  INFO 34979 --- [notification-service] [nfoReplicator-0] com.netflix.discovery.DiscoveryClient    : DiscoveryClient_NOTIFICATION-SERVICE/192.168.29.100:notification-service:8082: registering service...
2025-12-12T19:34:17.181+05:30  INFO 34979 --- [notification-service] [           main] o.s.b.w.embedded.tomcat.TomcatWebServer  : Tomcat started on port 8082 (http) with context path ''
2025-12-12T19:34:17.183+05:30  INFO 34979 --- [notification-service] [           main] .s.c.n.e.s.EurekaAutoServiceRegistration : Updating port to 8082
2025-12-12T19:34:17.214+05:30  INFO 34979 --- [notification-service] [           main] c.n.n.NotificationServiceApplication     : Started NotificationServiceApplication in 6.138 seconds (process running for 6.66)
2025-12-12T19:34:17.220+05:30  INFO 34979 --- [notification-service] [   scheduling-1] c.n.n.service.NewsNotificationService    : Starting news notification distribution to users...
2025-12-12T19:34:17.220+05:30  INFO 34979 --- [notification-service] [           main] c.n.n.service.AutoNotificationService    : 🚀 Application ready - Will check and send notifications based on user preferences...
2025-12-12T19:34:17.257+05:30  INFO 34979 --- [notification-service] [nfoReplicator-0] com.netflix.discovery.DiscoveryClient    : DiscoveryClient_NOTIFICATION-SERVICE/192.168.29.100:notification-service:8082 - registration status: 204
2025-12-12T19:34:17.439+05:30  INFO 34979 --- [notification-service] [   scheduling-1] c.n.n.service.NewsNotificationService    : Sending news to user: Aditya for categories: [SPORTS, ENTERTAINMENT]
2025-12-12T19:34:17.794+05:30  INFO 34979 --- [notification-service] [   scheduling-1] c.n.n.service.NewsNotificationService    : Sending news to user: Nigga for categories: [TRAVEL]
2025-12-12T19:34:17.927+05:30  INFO 34979 --- [notification-service] [   scheduling-1] c.n.n.service.NewsNotificationService    : Completed news notification distribution
2025-12-12T19:34:18.006+05:30  INFO 34979 --- [notification-service] [   scheduling-1] c.n.n.service.AutoNotificationService    : Found 2 users due for notifications out of 3 total users
2025-12-12T19:34:18.496+05:30  INFO 34979 --- [notification-service] [   scheduling-1] c.n.n.service.AutoNotificationService    : 📊 Automatic notification batch complete: 0 users processed, 0 failed
2025-12-12T19:34:22.254+05:30  INFO 34979 --- [notification-service] [           main] c.n.n.service.AutoNotificationService    : Found 2 users due for notifications out of 3 total users
2025-12-12T19:34:22.641+05:30  INFO 34979 --- [notification-service] [           main] c.n.n.service.AutoNotificationService    : 📊 Automatic notification batch complete: 0 users processed, 0 failed
2025-12-12T19:34:23.806+05:30  INFO 34979 --- [notification-service] [           main] c.n.n.service.TelegramBotService         : ✅ Successfully registered bot commands with Telegram for autofill
2025-12-12T19:34:23.807+05:30  INFO 34979 --- [notification-service] [           main] c.n.n.service.TelegramPollingService     : Starting Telegram long polling...
2025-12-12T19:34:30.822+05:30  INFO 34979 --- [notification-service] [nio-8082-exec-1] o.a.c.c.C.[Tomcat].[localhost].[/]       : Initializing Spring DispatcherServlet 'dispatcherServlet'
2025-12-12T19:34:30.822+05:30  INFO 34979 --- [notification-service] [nio-8082-exec-1] o.s.web.servlet.DispatcherServlet        : Initializing Servlet 'dispatcherServlet'
2025-12-12T19:34:30.825+05:30  INFO 34979 --- [notification-service] [nio-8082-exec-1] o.s.web.servlet.DispatcherServlet        : Completed initialization in 3 ms
2025-12-12T19:35:17.255+05:30  INFO 34979 --- [notification-service] [   scheduling-1] c.n.n.service.AutoNotificationService    : Found 2 users due for notifications out of 3 total users
2025-12-12T19:35:17.645+05:30  INFO 34979 --- [notification-service] [   scheduling-1] c.n.n.service.AutoNotificationService    : 📊 Automatic notification batch complete: 0 users processed, 0 failed
2025-12-12T19:36:17.261+05:30  INFO 34979 --- [notification-service] [   scheduling-1] c.n.n.service.AutoNotificationService    : Found 2 users due for notifications out of 3 total users
2025-12-12T19:36:19.975+05:30  INFO 34979 --- [notification-service] [   scheduling-1] c.n.n.s.NotificationChannelService       : notificationId=693c2159688e5a6c94ce8dad userId=Aditya channel=TELEGRAM status=SENT chatId=1329372309
2025-12-12T19:36:20.099+05:30  INFO 34979 --- [notification-service] [   scheduling-1] c.n.n.service.AutoNotificationService    : ✅ Sent 1 news articles to user: Aditya (interval: 1 mins)
2025-12-12T19:36:20.234+05:30  INFO 34979 --- [notification-service] [   scheduling-1] c.n.n.service.AutoNotificationService    : 📊 Automatic notification batch complete: 1 users processed, 0 failed
2025-12-12T19:37:17.253+05:30  INFO 34979 --- [notification-service] [   scheduling-1] c.n.n.service.AutoNotificationService    : Found 1 users due for notifications out of 3 total users
2025-12-12T19:37:17.389+05:30  INFO 34979 --- [notification-service] [   scheduling-1] c.n.n.service.AutoNotificationService    : 📊 Automatic notification batch complete: 0 users processed, 0 failed
2025-12-12T19:38:17.250+05:30  INFO 34979 --- [notification-service] [   scheduling-1] c.n.n.service.AutoNotificationService    : Found 2 users due for notifications out of 3 total users
2025-12-12T19:38:18.783+05:30  INFO 34979 --- [notification-service] [   scheduling-1] c.n.n.s.NotificationChannelService       : notificationId=693c21d1688e5a6c94ce8dae userId=Aditya channel=TELEGRAM status=SENT chatId=1329372309
2025-12-12T19:38:19.233+05:30  INFO 34979 --- [notification-service] [   scheduling-1] c.n.n.s.NotificationChannelService       : notificationId=693c21d2688e5a6c94ce8daf userId=Aditya channel=TELEGRAM status=SENT chatId=1329372309
2025-12-12T19:38:19.339+05:30  INFO 34979 --- [notification-service] [   scheduling-1] c.n.n.service.AutoNotificationService    : ✅ Sent 2 news articles to user: Aditya (interval: 1 mins)
2025-12-12T19:38:19.460+05:30  INFO 34979 --- [notification-service] [   scheduling-1] c.n.n.service.AutoNotificationService    : 📊 Automatic notification batch complete: 1 users processed, 0 failed
2025-12-12T19:39:16.587+05:30  INFO 34979 --- [notification-service] [trap-executor-0] c.n.d.s.r.aws.ConfigClusterResolver      : Resolving eureka endpoints via configuration
2025-12-12T19:39:17.252+05:30  INFO 34979 --- [notification-service] [   scheduling-1] c.n.n.service.AutoNotificationService    : Found 1 users due for notifications out of 3 total users
2025-12-12T19:39:17.390+05:30  INFO 34979 --- [notification-service] [   scheduling-1] c.n.n.service.AutoNotificationService    : 📊 Automatic notification batch complete: 0 users processed, 0 failed
2025-12-12T19:40:17.250+05:30  INFO 34979 --- [notification-service] [   scheduling-1] c.n.n.service.AutoNotificationService    : Found 2 users due for notifications out of 3 total users
2025-12-12T19:40:17.640+05:30  INFO 34979 --- [notification-service] [   scheduling-1] c.n.n.service.AutoNotificationService    : 📊 Automatic notification batch complete: 0 users processed, 0 failed
2025-12-12T19:41:17.253+05:30  INFO 34979 --- [notification-service] [   scheduling-1] c.n.n.service.AutoNotificationService    : Found 2 users due for notifications out of 3 total users
2025-12-12T19:41:17.666+05:30  INFO 34979 --- [notification-service] [   scheduling-1] c.n.n.service.AutoNotificationService    : 📊 Automatic notification batch complete: 0 users processed, 0 failed
2025-12-12T19:42:17.248+05:30  INFO 34979 --- [notification-service] [   scheduling-1] c.n.n.service.AutoNotificationService    : Found 2 users due for notifications out of 3 total users
2025-12-12T19:42:17.629+05:30  INFO 34979 --- [notification-service] [   scheduling-1] c.n.n.service.AutoNotificationService    : 📊 Automatic notification batch complete: 0 users processed, 0 failed
2025-12-12T19:43:17.251+05:30  INFO 34979 --- [notification-service] [   scheduling-1] c.n.n.service.AutoNotificationService    : Found 2 users due for notifications out of 3 total users
2025-12-12T19:43:17.637+05:30  INFO 34979 --- [notification-service] [   scheduling-1] c.n.n.service.AutoNotificationService    : 📊 Automatic notification batch complete: 0 users processed, 0 failed
2025-12-12T19:44:16.588+05:30  INFO 34979 --- [notification-service] [trap-executor-0] c.n.d.s.r.aws.ConfigClusterResolver      : Resolving eureka endpoints via configuration
2025-12-12T19:44:17.249+05:30  INFO 34979 --- [notification-service] [   scheduling-1] c.n.n.service.AutoNotificationService    : Found 2 users due for notifications out of 3 total users
2025-12-12T19:44:17.621+05:30  INFO 34979 --- [notification-service] [   scheduling-1] c.n.n.service.AutoNotificationService    : 📊 Automatic notification batch complete: 0 users processed, 0 failed
2025-12-12T19:45:17.251+05:30  INFO 34979 --- [notification-service] [   scheduling-1] c.n.n.service.AutoNotificationService    : Found 2 users due for notifications out of 3 total users
2025-12-12T19:45:17.627+05:30  INFO 34979 --- [notification-service] [   scheduling-1] c.n.n.service.AutoNotificationService    : 📊 Automatic notification batch complete: 0 users processed, 0 failed
2025-12-12T19:46:17.250+05:30  INFO 34979 --- [notification-service] [   scheduling-1] c.n.n.service.AutoNotificationService    : Found 2 users due for notifications out of 3 total users
2025-12-12T19:46:17.700+05:30  INFO 34979 --- [notification-service] [   scheduling-1] c.n.n.service.AutoNotificationService    : 📊 Automatic notification batch complete: 0 users processed, 0 failed
2025-12-12T19:46:20.669+05:30  INFO 34979 --- [notification-service] [           main] c.n.n.service.TelegramPollingService     : Processing Telegram update: {update_id=949571858, message={message_id=857, from={id=7858478798, is_bot=false, first_name=Diya, language_code=en}, chat={id=7858478798, first_name=Diya, type=private}, date=1765548980, text=/start, entities=[{offset=0, length=6, type=bot_command}]}}
2025-12-12T19:46:20.669+05:30  INFO 34979 --- [notification-service] [           main] c.n.n.service.TelegramBotService         : Received message from chatId=7858478798 firstName=Diya username=null text=/start
2025-12-12T19:46:21.029+05:30  INFO 34979 --- [notification-service] [           main] c.n.n.service.TelegramBotService         : Handled /start for chatId=7858478798
2025-12-12T19:46:39.514+05:30  INFO 34979 --- [notification-service] [           main] c.n.n.service.TelegramPollingService     : Processing Telegram update: {update_id=949571859, message={message_id=859, from={id=7858478798, is_bot=false, first_name=Diya, language_code=en}, chat={id=7858478798, first_name=Diya, type=private}, date=1765548999, text=/register, entities=[{offset=0, length=9, type=bot_command}]}}
2025-12-12T19:46:39.515+05:30  INFO 34979 --- [notification-service] [           main] c.n.n.service.TelegramBotService         : Received message from chatId=7858478798 firstName=Diya username=null text=/register
2025-12-12T19:46:48.283+05:30  INFO 34979 --- [notification-service] [           main] c.n.n.service.TelegramPollingService     : Processing Telegram update: {update_id=949571860, message={message_id=861, from={id=7858478798, is_bot=false, first_name=Diya, language_code=en}, chat={id=7858478798, first_name=Diya, type=private}, date=1765549005, text=D}}
2025-12-12T19:46:48.283+05:30  INFO 34979 --- [notification-service] [           main] c.n.n.service.TelegramBotService         : Received message from chatId=7858478798 firstName=Diya username=null text=D
2025-12-12T19:46:53.257+05:30  INFO 34979 --- [notification-service] [           main] c.n.n.service.TelegramPollingService     : Processing Telegram update: {update_id=949571861, message={message_id=863, from={id=7858478798, is_bot=false, first_name=Diya, language_code=en}, chat={id=7858478798, first_name=Diya, type=private}, date=1765549013, text=NO}}
2025-12-12T19:46:53.257+05:30  INFO 34979 --- [notification-service] [           main] c.n.n.service.TelegramBotService         : Received message from chatId=7858478798 firstName=Diya username=null text=NO
2025-12-12T19:47:17.250+05:30  INFO 34979 --- [notification-service] [   scheduling-1] c.n.n.service.AutoNotificationService    : Found 2 users due for notifications out of 3 total users
2025-12-12T19:47:17.620+05:30  INFO 34979 --- [notification-service] [   scheduling-1] c.n.n.service.AutoNotificationService    : 📊 Automatic notification batch complete: 0 users processed, 0 failed
2025-12-12T19:47:58.868+05:30  INFO 34979 --- [notification-service] [           main] c.n.n.service.TelegramPollingService     : Processing Telegram update: {update_id=949571862, message={message_id=866, from={id=7858478798, is_bot=false, first_name=Diya, language_code=en}, chat={id=7858478798, first_name=Diya, type=private}, date=1765549078, text=1,5,6,9 DONE}}
2025-12-12T19:47:58.869+05:30  INFO 34979 --- [notification-service] [           main] c.n.n.service.TelegramBotService         : Received message from chatId=7858478798 firstName=Diya username=null text=1,5,6,9 DONE
2025-12-12T19:48:03.000+05:30  INFO 34979 --- [notification-service] [           main] c.n.n.service.TelegramPollingService     : Processing Telegram update: {update_id=949571863, message={message_id=869, from={id=1220014771, is_bot=false, first_name=Amogh Kalasapura, username=Astroanonymous, language_code=en}, chat={id=1220014771, first_name=Amogh Kalasapura, username=Astroanonymous, type=private}, date=1765549082, text=/updatepref, entities=[{offset=0, length=11, type=bot_command}]}}
2025-12-12T19:48:03.001+05:30  INFO 34979 --- [notification-service] [           main] c.n.n.service.TelegramBotService         : Received message from chatId=1220014771 firstName=Amogh Kalasapura username=Astroanonymous text=/updatepref
2025-12-12T19:48:09.325+05:30  INFO 34979 --- [notification-service] [           main] c.n.n.service.TelegramPollingService     : Processing Telegram update: {update_id=949571864, message={message_id=872, from={id=1220014771, is_bot=false, first_name=Amogh Kalasapura, username=Astroanonymous, language_code=en}, chat={id=1220014771, first_name=Amogh Kalasapura, username=Astroanonymous, type=private}, date=1765549089, text=Barcelona}}
2025-12-12T19:48:09.326+05:30  INFO 34979 --- [notification-service] [           main] c.n.n.service.TelegramBotService         : Received message from chatId=1220014771 firstName=Amogh Kalasapura username=Astroanonymous text=Barcelona
2025-12-12T19:48:14.450+05:30  INFO 34979 --- [notification-service] [           main] c.n.n.service.TelegramPollingService     : Processing Telegram update: {update_id=949571865, message={message_id=875, from={id=1220014771, is_bot=false, first_name=Amogh Kalasapura, username=Astroanonymous, language_code=en}, chat={id=1220014771, first_name=Amogh Kalasapura, username=Astroanonymous, type=private}, date=1765549094, text=DONE}}
2025-12-12T19:48:14.450+05:30  INFO 34979 --- [notification-service] [           main] c.n.n.service.TelegramBotService         : Received message from chatId=1220014771 firstName=Amogh Kalasapura username=Astroanonymous text=DONE
2025-12-12T19:48:17.248+05:30  INFO 34979 --- [notification-service] [   scheduling-1] c.n.n.service.AutoNotificationService    : Found 2 users due for notifications out of 3 total users
2025-12-12T19:48:17.621+05:30  INFO 34979 --- [notification-service] [   scheduling-1] c.n.n.service.AutoNotificationService    : 📊 Automatic notification batch complete: 0 users processed, 0 failed
2025-12-12T19:48:18.554+05:30  INFO 34979 --- [notification-service] [           main] c.n.n.service.TelegramPollingService     : Processing Telegram update: {update_id=949571866, message={message_id=877, from={id=1220014771, is_bot=false, first_name=Amogh Kalasapura, username=Astroanonymous, language_code=en}, chat={id=1220014771, first_name=Amogh Kalasapura, username=Astroanonymous, type=private}, date=1765549098, text=1}}
2025-12-12T19:48:18.554+05:30  INFO 34979 --- [notification-service] [           main] c.n.n.service.TelegramBotService         : Received message from chatId=1220014771 firstName=Amogh Kalasapura username=Astroanonymous text=1
2025-12-12T19:48:18.632+05:30  INFO 34979 --- [notification-service] [           main] c.n.n.service.TelegramBotService         : Updated preferences for user: Amogh
2025-12-12T19:48:19.519+05:30  INFO 34979 --- [notification-service] [           main] c.n.n.service.TelegramPollingService     : Processing Telegram update: {update_id=949571867, message={message_id=879, from={id=7858478798, is_bot=false, first_name=Diya, language_code=en}, chat={id=7858478798, first_name=Diya, type=private}, date=1765549098, text=/finance, entities=[{offset=0, length=8, type=bot_command}]}}
2025-12-12T19:48:19.519+05:30  INFO 34979 --- [notification-service] [           main] c.n.n.service.TelegramBotService         : Received message from chatId=7858478798 firstName=Diya username=null text=/finance
2025-12-12T19:48:26.440+05:30  INFO 34979 --- [notification-service] [           main] c.n.n.service.TelegramPollingService     : Processing Telegram update: {update_id=949571868, message={message_id=882, from={id=7858478798, is_bot=false, first_name=Diya, language_code=en}, chat={id=7858478798, first_name=Diya, type=private}, date=1765549106, text=Remove}}
2025-12-12T19:48:26.440+05:30  INFO 34979 --- [notification-service] [           main] c.n.n.service.TelegramBotService         : Received message from chatId=7858478798 firstName=Diya username=null text=Remove
2025-12-12T19:48:37.439+05:30  INFO 34979 --- [notification-service] [           main] c.n.n.service.TelegramPollingService     : Processing Telegram update: {update_id=949571869, message={message_id=885, from={id=7858478798, is_bot=false, first_name=Diya, language_code=en}, chat={id=7858478798, first_name=Diya, type=private}, date=1765549116, text=/help, entities=[{offset=0, length=5, type=bot_command}]}}
2025-12-12T19:48:37.440+05:30  INFO 34979 --- [notification-service] [           main] c.n.n.service.TelegramBotService         : Received message from chatId=7858478798 firstName=Diya username=null text=/help
2025-12-12T19:49:12.104+05:30  INFO 34979 --- [notification-service] [           main] c.n.n.service.TelegramPollingService     : Processing Telegram update: {update_id=949571870, message={message_id=888, from={id=7858478798, is_bot=false, first_name=Diya, language_code=en}, chat={id=7858478798, first_name=Diya, type=private}, date=1765549151, text=1569 /remove, entities=[{offset=5, length=7, type=bot_command}]}}
2025-12-12T19:49:12.105+05:30  INFO 34979 --- [notification-service] [           main] c.n.n.service.TelegramBotService         : Received message from chatId=7858478798 firstName=Diya username=null text=1569 /remove
2025-12-12T19:49:16.589+05:30  INFO 34979 --- [notification-service] [trap-executor-0] c.n.d.s.r.aws.ConfigClusterResolver      : Resolving eureka endpoints via configuration
2025-12-12T19:49:17.248+05:30  INFO 34979 --- [notification-service] [   scheduling-1] c.n.n.service.AutoNotificationService    : Found 3 users due for notifications out of 3 total users
2025-12-12T19:49:17.655+05:30  INFO 34979 --- [notification-service] [   scheduling-1] c.n.n.service.AutoNotificationService    : 📊 Automatic notification batch complete: 0 users processed, 0 failed
2025-12-12T19:49:55.896+05:30  INFO 34979 --- [notification-service] [ionShutdownHook] o.s.c.n.e.s.EurekaServiceRegistry        : Unregistering application NOTIFICATION-SERVICE with eureka with status DOWN
2025-12-12T19:49:55.896+05:30  INFO 34979 --- [notification-service] [ionShutdownHook] com.netflix.discovery.DiscoveryClient    : Saw local status change event StatusChangeEvent [timestamp=1765549195896, current=DOWN, previous=UP]
2025-12-12T19:49:55.897+05:30  INFO 34979 --- [notification-service] [nfoReplicator-0] com.netflix.discovery.DiscoveryClient    : DiscoveryClient_NOTIFICATION-SERVICE/192.168.29.100:notification-service:8082: registering service...
2025-12-12T19:49:55.906+05:30  INFO 34979 --- [notification-service] [nfoReplicator-0] com.netflix.discovery.DiscoveryClient    : DiscoveryClient_NOTIFICATION-SERVICE/192.168.29.100:notification-service:8082 - registration status: 204
2025-12-12T19:49:56.213+05:30  INFO 34979 --- [notification-service] [ionShutdownHook] com.netflix.discovery.DiscoveryClient    : Shutting down DiscoveryClient ...
2025-12-12T19:49:59.217+05:30  INFO 34979 --- [notification-service] [ionShutdownHook] com.netflix.discovery.DiscoveryClient    : Unregistering ...
2025-12-12T19:49:59.227+05:30  INFO 34979 --- [notification-service] [ionShutdownHook] com.netflix.discovery.DiscoveryClient    : DiscoveryClient_NOTIFICATION-SERVICE/192.168.29.100:notification-service:8082 - deregister  status: 200
2025-12-12T19:49:59.238+05:30  INFO 34979 --- [notification-service] [ionShutdownHook] com.netflix.discovery.DiscoveryClient    : Completed shut down of DiscoveryClient
